/etc/bash_completion.d/yum-utils.bash: line 2: /yum: No such file or directory

The following have been reloaded with a version change:
  1) cmake/3.23.1 => cmake/3.20.2

BBATH is set to '/mnt/bb_5341c918b3a65eecaa48ae32485b5493'
/bin/bash: SCRIPTS_DIR/main.sh: No such file or directory
logout

------------------------------------------------------------
Sender: LSF System <lsfadmin@lassen710>
Subject: Job 4976158: <sync-write-1d-strided-medium-col> in cluster <lassen> Exited

Job <sync-write-1d-strided-medium-col> was submitted from host <lassen708> by user <haridev> in cluster <lassen> at Thu Jun 29 15:56:31 2023
Job was executed on host(s) <1*lassen710>, in queue <pbatch>, as user <haridev> in cluster <lassen> at Thu Jun 29 16:05:46 2023
                            <40*lassen630>
</g/g92/haridev> was used as the home directory.
</usr/workspace/iopp/software/h5intent/scripts/h5bench> was used as the working directory.
Started at Thu Jun 29 16:05:46 2023
Terminated at Thu Jun 29 16:05:54 2023
Results reported at Thu Jun 29 16:05:54 2023

Your job looked like:

------------------------------------------------------------
# LSBATCH: User input
SCRIPTS_DIR/main.sh /usr/WS2/iopp/software/h5intent/logs/h5bench_confs/lassen/sync_libdarshan_none_1_40/sync-write-1d-strided-medium-col.json sync_libdarshan_none_1_40 1
------------------------------------------------------------

Exited with exit code 127.

Resource usage summary:

    CPU time :                                   0.27 sec.
    Max Memory :                                 165 MB
    Average Memory :                             165.00 MB
    Total Requested Memory :                     -
    Delta Memory :                               -
    Max Swap :                                   1234 MB
    Max Processes :                              1
    Max Threads :                                2
    Run time :                                   6 sec.
    Turnaround time :                            563 sec.

The output (if any) is above this job summary.

/etc/bash_completion.d/yum-utils.bash: line 2: /yum: No such file or directory

The following have been reloaded with a version change:
  1) cmake/3.23.1 => cmake/3.20.2

BBATH is set to '/mnt/bb_43c5dbdc9b95a336d3d251fa550e610d'
enabled_darshan
DARSHAN_LOG_DIR_PATH=/usr/workspace/iopp/software/h5intent/logs/darshan/sync_libdarshan_none_1_40/sync-write-1d-strided-medium-col
/usr/WS2/iopp/software/h5intent/logs/h5bench_confs/lassen/sync_libdarshan_none_1_40/sync-write-1d-strided-medium-col.json
/usr/workspace/iopp/software/h5intent/build-profile/h5bench --debug /usr/WS2/iopp/software/h5intent/logs/h5bench_confs/lassen/sync_libdarshan_none_1_40/sync-write-1d-strided-medium-col.json
/usr/workspace/iopp/software/h5intent/build-profile/h5bench:10: DeprecationWarning: The distutils package is deprecated and slated for removal in Python 3.12. Use setuptools or check PEP 632 for potential alternatives
  import distutils.spawn
2023-06-29 16:12:38,270 h5bench - INFO - Starting h5bench Suite
2023-06-29 16:12:38,414 h5bench - INFO - Lustre support not detected
2023-06-29 16:12:38,415 h5bench - DEBUG - LD_LIBRARY_PATH: /usr/workspace/iopp/software/h5intent/dependency-profile/.spack-env/lib:/usr/tce/packages/python/python-3.7.2/lib:/opt/ibm/spectrumcomputing/lsf/10.1.0.10/linux3.10-glibc2.17-ppc64le-csm/lib:/usr/tce/packages/cuda/cuda-10.1.243/lib64
2023-06-29 16:12:38,415 h5bench - DEBUG - DYLD_LIBRARY_PATH: 
2023-06-29 16:12:38,416 h5bench - DEBUG - LD_PRELOAD: 
2023-06-29 16:12:38,417 h5bench - INFO - JOBID: 4976207
2023-06-29 16:12:38,418 h5bench - INFO - h5bench [write] - Starting
2023-06-29 16:12:38,418 h5bench - INFO - h5bench [write] - DIR: /p/gpfs1/haridev/temp/h5bench/sync-write-1d-strided-medium-col_1_40/9eaff020-4976207/
2023-06-29 16:12:38,419 h5bench - INFO - Parallel setup: jsrun -r 1 -c 40 -a 40 --env LD_PRELOAD=/usr/workspace/iopp/software/h5intent/dependency-profile/.spack-env/view/lib/libdarshan.so
2023-06-29 16:12:38,420 h5bench - INFO - jsrun -r 1 -c 40 -a 40 --env LD_PRELOAD=/usr/workspace/iopp/software/h5intent/dependency-profile/.spack-env/view/lib/libdarshan.so h5bench_write /p/gpfs1/haridev/temp/h5bench/sync-write-1d-strided-medium-col_1_40/9eaff020-4976207/h5bench.cfg /p/gpfs1/haridev/temp/h5bench/sync-write-1d-strided-medium-col_1_40/test.h5
2023-06-29 16:12:44,710 h5bench - INFO - SUCCESS (all output files are located at /p/gpfs1/haridev/temp/h5bench/sync-write-1d-strided-medium-col_1_40/9eaff020-4976207)
2023-06-29 16:12:44,711 h5bench - INFO - Runtime: 6.2911239 seconds (elapsed time, includes allocation wait time)
2023-06-29 16:12:44,711 h5bench - INFO - h5bench [write] - Complete
2023-06-29 16:12:44,712 h5bench - INFO - Finishing h5bench Suite
logout

------------------------------------------------------------
Sender: LSF System <lsfadmin@lassen710>
Subject: Job 4976207: <sync-write-1d-strided-medium-col> in cluster <lassen> Done

Job <sync-write-1d-strided-medium-col> was submitted from host <lassen708> by user <haridev> in cluster <lassen> at Thu Jun 29 16:09:36 2023
Job was executed on host(s) <1*lassen710>, in queue <pbatch>, as user <haridev> in cluster <lassen> at Thu Jun 29 16:12:17 2023
                            <40*lassen90>
</g/g92/haridev> was used as the home directory.
</usr/workspace/iopp/software/h5intent/scripts/h5bench> was used as the working directory.
Started at Thu Jun 29 16:12:17 2023
Terminated at Thu Jun 29 16:13:03 2023
Results reported at Thu Jun 29 16:13:03 2023

Your job looked like:

------------------------------------------------------------
# LSBATCH: User input
/usr/WS2/iopp/software/h5intent/scripts/h5bench/main.sh /usr/WS2/iopp/software/h5intent/logs/h5bench_confs/lassen/sync_libdarshan_none_1_40/sync-write-1d-strided-medium-col.json sync_libdarshan_none_1_40 1
------------------------------------------------------------

Successfully completed.

Resource usage summary:

    CPU time :                                   0.28 sec.
    Max Memory :                                 57 MB
    Average Memory :                             52.67 MB
    Total Requested Memory :                     -
    Delta Memory :                               -
    Max Swap :                                   1060 MB
    Max Processes :                              4
    Max Threads :                                27
    Run time :                                   47 sec.
    Turnaround time :                            207 sec.

The output (if any) is above this job summary.

