/etc/bash_completion.d/yum-utils.bash: line 2: /yum: No such file or directory
BBATH is set to '/mnt/bb_7d788080b8825edd45a75d7ca5959518'
enabled_darshan
DARSHAN_LOG_DIR_PATH=/usr/workspace/iopp/software/h5intent/logs/darshan/sync_libdarshan_none_1_40/sync-write-1d-strided-medium
/usr/WS2/iopp/software/h5intent/logs/h5bench_confs/lassen/sync_libdarshan_none_1_40/sync-write-1d-strided-medium.json
/usr/workspace/iopp/software/h5intent/build-profile/h5bench --debug /usr/WS2/iopp/software/h5intent/logs/h5bench_confs/lassen/sync_libdarshan_none_1_40/sync-write-1d-strided-medium.json
/usr/workspace/iopp/software/h5intent/build-profile/h5bench:10: DeprecationWarning: The distutils package is deprecated and slated for removal in Python 3.12. Use setuptools or check PEP 632 for potential alternatives
  import distutils.spawn
2023-06-30 20:51:16,892 h5bench - INFO - Starting h5bench Suite
2023-06-30 20:51:16,931 h5bench - INFO - Lustre support not detected
2023-06-30 20:51:16,932 h5bench - DEBUG - HDF5_PLUGIN_PATH: /usr/workspace/iopp/software/h5intent/build/lib
2023-06-30 20:51:16,933 h5bench - DEBUG - LD_LIBRARY_PATH: /usr/workspace/iopp/software/h5intent/dependency-profile/.spack-env/lib:/usr/tce/packages/python/python-3.7.2/lib:/opt/ibm/spectrumcomputing/lsf/10.1.0.10/linux3.10-glibc2.17-ppc64le-csm/lib:/usr/tce/packages/cuda/cuda-10.1.243/lib64:/usr/tce/packages/python/python-3.8.2/lib:/usr/workspace/iopp/software/h5intent/build/lib
2023-06-30 20:51:16,933 h5bench - DEBUG - DYLD_LIBRARY_PATH: 
2023-06-30 20:51:16,934 h5bench - DEBUG - LD_PRELOAD: 
2023-06-30 20:51:16,935 h5bench - INFO - JOBID: 4979384
2023-06-30 20:51:16,935 h5bench - INFO - h5bench [write] - Starting
2023-06-30 20:51:16,936 h5bench - INFO - h5bench [write] - DIR: /p/gpfs1/haridev/temp/h5bench/sync-write-1d-strided-medium_1_40/9631756e-4979384/
2023-06-30 20:51:16,957 h5bench - INFO - Parallel setup: jsrun -r 1 -c 40 -a 40 --env LD_PRELOAD=/usr/workspace/iopp/software/h5intent/dependency-profile/.spack-env/view/lib/libdarshan.so
2023-06-30 20:51:16,977 h5bench - INFO - jsrun -r 1 -c 40 -a 40 --env LD_PRELOAD=/usr/workspace/iopp/software/h5intent/dependency-profile/.spack-env/view/lib/libdarshan.so h5bench_write /p/gpfs1/haridev/temp/h5bench/sync-write-1d-strided-medium_1_40/9631756e-4979384/h5bench.cfg /p/gpfs1/haridev/temp/h5bench/sync-write-1d-strided-medium_1_40/test.h5
2023-06-30 20:51:31,784 h5bench - INFO - SUCCESS (all output files are located at /p/gpfs1/haridev/temp/h5bench/sync-write-1d-strided-medium_1_40/9631756e-4979384)
2023-06-30 20:51:31,785 h5bench - INFO - Runtime: 14.8276596 seconds (elapsed time, includes allocation wait time)
2023-06-30 20:51:31,786 h5bench - INFO - h5bench [write] - Complete
2023-06-30 20:51:31,786 h5bench - INFO - Finishing h5bench Suite
logout

------------------------------------------------------------
Sender: LSF System <lsfadmin@lassen710>
Subject: Job 4979384: <sync-write-1d-strided-medium> in cluster <lassen> Done

Job <sync-write-1d-strided-medium> was submitted from host <lassen18> by user <haridev> in cluster <lassen> at Fri Jun 30 20:50:52 2023
Job was executed on host(s) <1*lassen710>, in queue <pbatch>, as user <haridev> in cluster <lassen> at Fri Jun 30 20:50:55 2023
                            <40*lassen195>
</g/g92/haridev> was used as the home directory.
</usr/workspace/iopp/software/h5intent/scripts/h5bench> was used as the working directory.
Started at Fri Jun 30 20:50:55 2023
Terminated at Fri Jun 30 20:52:02 2023
Results reported at Fri Jun 30 20:52:02 2023

Your job looked like:

------------------------------------------------------------
# LSBATCH: User input
/usr/WS2/iopp/software/h5intent/scripts/h5bench/main.sh /usr/WS2/iopp/software/h5intent/logs/h5bench_confs/lassen/sync_libdarshan_none_1_40/sync-write-1d-strided-medium.json sync_libdarshan_none_1_40 1
------------------------------------------------------------

Successfully completed.

Resource usage summary:

    CPU time :                                   0.33 sec.
    Max Memory :                                 215 MB
    Average Memory :                             106.00 MB
    Total Requested Memory :                     -
    Delta Memory :                               -
    Max Swap :                                   1361 MB
    Max Processes :                              4
    Max Threads :                                27
    Run time :                                   65 sec.
    Turnaround time :                            70 sec.

The output (if any) is above this job summary.

