/etc/bash_completion.d/yum-utils.bash: line 2: /yum: No such file or directory

The following have been reloaded with a version change:
  1) cmake/3.23.1 => cmake/3.20.2

BBATH is set to '/mnt/bb_d4bf520890c758cdc96d3fdd911e0a87'
enabled_darshan
DARSHAN_LOG_DIR_PATH=/usr/workspace/iopp/software/h5intent/logs/darshan/sync_libdarshan_none_8_40/sync-write-1d-strided-small
/usr/WS2/iopp/software/h5intent/logs/h5bench_confs/lassen/sync_libdarshan_none_8_40/sync-write-1d-strided-small.json
/usr/workspace/iopp/software/h5intent/build-profile/h5bench --debug /usr/WS2/iopp/software/h5intent/logs/h5bench_confs/lassen/sync_libdarshan_none_8_40/sync-write-1d-strided-small.json
/usr/workspace/iopp/software/h5intent/build-profile/h5bench:10: DeprecationWarning: The distutils package is deprecated and slated for removal in Python 3.12. Use setuptools or check PEP 632 for potential alternatives
  import distutils.spawn
2023-06-29 16:18:30,244 h5bench - INFO - Starting h5bench Suite
2023-06-29 16:18:30,316 h5bench - INFO - Lustre support not detected
2023-06-29 16:18:30,316 h5bench - DEBUG - LD_LIBRARY_PATH: /usr/workspace/iopp/software/h5intent/dependency-profile/.spack-env/lib:/usr/tce/packages/python/python-3.7.2/lib:/opt/ibm/spectrumcomputing/lsf/10.1.0.10/linux3.10-glibc2.17-ppc64le-csm/lib:/usr/tce/packages/cuda/cuda-10.1.243/lib64
2023-06-29 16:18:30,317 h5bench - DEBUG - DYLD_LIBRARY_PATH: 
2023-06-29 16:18:30,318 h5bench - DEBUG - LD_PRELOAD: 
2023-06-29 16:18:30,319 h5bench - INFO - JOBID: 4976228
2023-06-29 16:18:30,320 h5bench - INFO - h5bench [write] - Starting
2023-06-29 16:18:30,320 h5bench - INFO - h5bench [write] - DIR: /p/gpfs1/haridev/temp/h5bench/sync-write-1d-strided-small_8_40/e9564c9f-4976228/
2023-06-29 16:18:30,321 h5bench - INFO - Parallel setup: jsrun -r 1 -c 40 -a 40 --env LD_PRELOAD=/usr/workspace/iopp/software/h5intent/dependency-profile/.spack-env/view/lib/libdarshan.so
2023-06-29 16:18:30,322 h5bench - INFO - jsrun -r 1 -c 40 -a 40 --env LD_PRELOAD=/usr/workspace/iopp/software/h5intent/dependency-profile/.spack-env/view/lib/libdarshan.so h5bench_write /p/gpfs1/haridev/temp/h5bench/sync-write-1d-strided-small_8_40/e9564c9f-4976228/h5bench.cfg /p/gpfs1/haridev/temp/h5bench/sync-write-1d-strided-small_8_40/test.h5
2023-06-29 16:18:48,809 h5bench - INFO - SUCCESS (all output files are located at /p/gpfs1/haridev/temp/h5bench/sync-write-1d-strided-small_8_40/e9564c9f-4976228)
2023-06-29 16:18:48,809 h5bench - INFO - Runtime: 18.4877670 seconds (elapsed time, includes allocation wait time)
2023-06-29 16:18:48,810 h5bench - INFO - h5bench [write] - Complete
2023-06-29 16:18:48,811 h5bench - INFO - Finishing h5bench Suite
logout

------------------------------------------------------------
Sender: LSF System <lsfadmin@lassen710>
Subject: Job 4976228: <sync-write-1d-strided-small> in cluster <lassen> Done

Job <sync-write-1d-strided-small> was submitted from host <lassen708> by user <haridev> in cluster <lassen> at Thu Jun 29 16:10:09 2023
Job was executed on host(s) <1*lassen710>, in queue <pbatch>, as user <haridev> in cluster <lassen> at Thu Jun 29 16:18:06 2023
                            <40*lassen628>
                            <40*lassen630>
                            <40*lassen322>
                            <40*lassen327>
                            <40*lassen337>
                            <40*lassen339>
                            <40*lassen676>
                            <40*lassen388>
</g/g92/haridev> was used as the home directory.
</usr/workspace/iopp/software/h5intent/scripts/h5bench> was used as the working directory.
Started at Thu Jun 29 16:18:06 2023
Terminated at Thu Jun 29 16:18:56 2023
Results reported at Thu Jun 29 16:18:56 2023

Your job looked like:

------------------------------------------------------------
# LSBATCH: User input
/usr/WS2/iopp/software/h5intent/scripts/h5bench/main.sh /usr/WS2/iopp/software/h5intent/logs/h5bench_confs/lassen/sync_libdarshan_none_8_40/sync-write-1d-strided-small.json sync_libdarshan_none_8_40 1
------------------------------------------------------------

Successfully completed.

Resource usage summary:

    CPU time :                                   2.00 sec.
    Max Memory :                                 59 MB
    Average Memory :                             54.29 MB
    Total Requested Memory :                     -
    Delta Memory :                               -
    Max Swap :                                   1425 MB
    Max Processes :                              4
    Max Threads :                                27
    Run time :                                   48 sec.
    Turnaround time :                            527 sec.

The output (if any) is above this job summary.

