/etc/bash_completion.d/yum-utils.bash: line 2: /yum: No such file or directory

The following have been reloaded with a version change:
  1) cmake/3.23.1 => cmake/3.20.2

BBATH is set to '/mnt/bb_0ec451644ec853bb4a454062dcb51f49'
enabled_darshan
DARSHAN_LOG_DIR_PATH=/usr/workspace/iopp/software/h5intent/logs/darshan/sync_libdarshan_none_16_40/sync-write-1d-strided-medium
/usr/WS2/iopp/software/h5intent/logs/h5bench_confs/lassen/sync_libdarshan_none_16_40/sync-write-1d-strided-medium.json
/usr/workspace/iopp/software/h5intent/build-profile/h5bench --debug /usr/WS2/iopp/software/h5intent/logs/h5bench_confs/lassen/sync_libdarshan_none_16_40/sync-write-1d-strided-medium.json
/usr/workspace/iopp/software/h5intent/build-profile/h5bench:10: DeprecationWarning: The distutils package is deprecated and slated for removal in Python 3.12. Use setuptools or check PEP 632 for potential alternatives
  import distutils.spawn
2023-06-29 16:20:14,514 h5bench - INFO - Starting h5bench Suite
2023-06-29 16:20:14,545 h5bench - INFO - Lustre support not detected
2023-06-29 16:20:14,546 h5bench - DEBUG - LD_LIBRARY_PATH: /usr/workspace/iopp/software/h5intent/dependency-profile/.spack-env/lib:/usr/tce/packages/python/python-3.7.2/lib:/opt/ibm/spectrumcomputing/lsf/10.1.0.10/linux3.10-glibc2.17-ppc64le-csm/lib:/usr/tce/packages/cuda/cuda-10.1.243/lib64
2023-06-29 16:20:14,547 h5bench - DEBUG - DYLD_LIBRARY_PATH: 
2023-06-29 16:20:14,547 h5bench - DEBUG - LD_PRELOAD: 
2023-06-29 16:20:14,548 h5bench - INFO - JOBID: 4976233
2023-06-29 16:20:14,549 h5bench - INFO - h5bench [write] - Starting
2023-06-29 16:20:14,549 h5bench - INFO - h5bench [write] - DIR: /p/gpfs1/haridev/temp/h5bench/sync-write-1d-strided-medium_16_40/db75a174-4976233/
2023-06-29 16:20:14,551 h5bench - INFO - Parallel setup: jsrun -r 1 -c 40 -a 40 --env LD_PRELOAD=/usr/workspace/iopp/software/h5intent/dependency-profile/.spack-env/view/lib/libdarshan.so
2023-06-29 16:20:14,570 h5bench - INFO - jsrun -r 1 -c 40 -a 40 --env LD_PRELOAD=/usr/workspace/iopp/software/h5intent/dependency-profile/.spack-env/view/lib/libdarshan.so h5bench_write /p/gpfs1/haridev/temp/h5bench/sync-write-1d-strided-medium_16_40/db75a174-4976233/h5bench.cfg /p/gpfs1/haridev/temp/h5bench/sync-write-1d-strided-medium_16_40/test.h5
2023-06-29 16:20:57,553 h5bench - INFO - SUCCESS (all output files are located at /p/gpfs1/haridev/temp/h5bench/sync-write-1d-strided-medium_16_40/db75a174-4976233)
2023-06-29 16:20:57,559 h5bench - INFO - Runtime: 43.0076127 seconds (elapsed time, includes allocation wait time)
2023-06-29 16:20:57,560 h5bench - INFO - h5bench [write] - Complete
2023-06-29 16:20:57,561 h5bench - INFO - Finishing h5bench Suite
logout

------------------------------------------------------------
Sender: LSF System <lsfadmin@lassen710>
Subject: Job 4976233: <sync-write-1d-strided-medium> in cluster <lassen> Done

Job <sync-write-1d-strided-medium> was submitted from host <lassen708> by user <haridev> in cluster <lassen> at Thu Jun 29 16:10:17 2023
Job was executed on host(s) <1*lassen710>, in queue <pbatch>, as user <haridev> in cluster <lassen> at Thu Jun 29 16:19:52 2023
                            <40*lassen752>
                            <40*lassen102>
                            <40*lassen760>
                            <40*lassen105>
                            <40*lassen673>
                            <40*lassen344>
                            <40*lassen345>
                            <40*lassen346>
                            <40*lassen676>
                            <40*lassen501>
                            <40*lassen503>
                            <40*lassen402>
                            <40*lassen364>
                            <40*lassen573>
                            <40*lassen243>
                            <40*lassen218>
</g/g92/haridev> was used as the home directory.
</usr/workspace/iopp/software/h5intent/scripts/h5bench> was used as the working directory.
Started at Thu Jun 29 16:19:52 2023
Terminated at Thu Jun 29 16:21:36 2023
Results reported at Thu Jun 29 16:21:36 2023

Your job looked like:

------------------------------------------------------------
# LSBATCH: User input
/usr/WS2/iopp/software/h5intent/scripts/h5bench/main.sh /usr/WS2/iopp/software/h5intent/logs/h5bench_confs/lassen/sync_libdarshan_none_16_40/sync-write-1d-strided-medium.json sync_libdarshan_none_16_40 1
------------------------------------------------------------

Successfully completed.

Resource usage summary:

    CPU time :                                   2.00 sec.
    Max Memory :                                 78 MB
    Average Memory :                             67.80 MB
    Total Requested Memory :                     -
    Delta Memory :                               -
    Max Swap :                                   1426 MB
    Max Processes :                              4
    Max Threads :                                27
    Run time :                                   104 sec.
    Turnaround time :                            679 sec.

The output (if any) is above this job summary.

