Total number of particles: 20480M
Total number of ranks: 640
Total emulated compute time: 0.000 s
Total write size: 640.000 GB
Raw write time: 45.119 s
Metadata time: 0.000 s
H5Fcreate() time: 0.573 s
H5Fflush() time: 0.134 s
H5Fclose() time: 0.000 s
Observed completion time: 45.828 s
SYNC Raw write rate: 14.185 GB/s 
SYNC Observed write rate: 13.965 GB/s
Total number of particles: 5120M
Total number of ranks: 640
Total emulated compute time: 0.000 s
Total write size: 160.000 GB
Raw write time: 139.204 s
Metadata time: 0.000 s
H5Fcreate() time: 0.135 s
H5Fflush() time: 1.562 s
H5Fclose() time: 0.000 s
Observed completion time: 140.903 s
SYNC Raw write rate: 1.148 GB/s 
SYNC Observed write rate: 1.135 GB/s
Total number of particles: 320M
Total number of ranks: 640
Total emulated compute time: 0.000 s
Total write size: 10.000 GB
Raw write time: 165.223 s
Metadata time: 0.000 s
H5Fcreate() time: 0.078 s
H5Fflush() time: 0.597 s
H5Fclose() time: 0.000 s
Observed completion time: 165.901 s
SYNC Raw write rate: 61.977 MB/s 
SYNC Observed write rate: 61.723 MB/s
Total number of particles: 1280M
Total number of ranks: 40
Total emulated compute time: 0.000 s
Total write size: 40.000 GB
Raw write time: 2.146 s
Metadata time: 0.000 s
H5Fcreate() time: 0.422 s
H5Fflush() time: 0.194 s
H5Fclose() time: 0.000 s
Observed completion time: 2.764 s
SYNC Raw write rate: 18.639 GB/s 
SYNC Observed write rate: 14.474 GB/s
Total number of particles: 320M
Total number of ranks: 40
Total emulated compute time: 0.000 s
Total write size: 10.000 GB
Raw write time: 1.105 s
Metadata time: 0.000 s
H5Fcreate() time: 0.101 s
H5Fflush() time: 0.397 s
H5Fclose() time: 0.000 s
Observed completion time: 1.609 s
SYNC Raw write rate: 9.053 GB/s 
SYNC Observed write rate: 6.216 GB/s
Total number of particles: 20M
Total number of ranks: 40
Total emulated compute time: 0.000 s
Total write size: 640.000 MB
Raw write time: 1.044 s
Metadata time: 0.000 s
H5Fcreate() time: 0.025 s
H5Fflush() time: 0.481 s
H5Fclose() time: 0.000 s
Observed completion time: 1.552 s
SYNC Raw write rate: 613.290 MB/s 
SYNC Observed write rate: 412.280 MB/s
Total number of particles: 2560M
Total number of ranks: 80
Total emulated compute time: 0.000 s
Total write size: 80.000 GB
Raw write time: 7.634 s
Metadata time: 0.000 s
H5Fcreate() time: 0.277 s
H5Fflush() time: 0.119 s
H5Fclose() time: 0.000 s
Observed completion time: 8.037 s
SYNC Raw write rate: 10.479 GB/s 
SYNC Observed write rate: 9.954 GB/s
Total number of particles: 640M
Total number of ranks: 80
Total emulated compute time: 0.000 s
Total write size: 20.000 GB
Raw write time: 15.138 s
Metadata time: 0.000 s
H5Fcreate() time: 0.090 s
H5Fflush() time: 1.570 s
H5Fclose() time: 0.000 s
Observed completion time: 16.800 s
SYNC Raw write rate: 1.320 GB/s 
SYNC Observed write rate: 1.190 GB/s
Total number of particles: 40M
Total number of ranks: 80
Total emulated compute time: 0.000 s
Total write size: 1.250 GB
Raw write time: 7.282 s
Metadata time: 0.000 s
H5Fcreate() time: 0.037 s
H5Fflush() time: 7.425 s
H5Fclose() time: 0.000 s
Observed completion time: 14.745 s
SYNC Raw write rate: 175.773 MB/s 
SYNC Observed write rate: 86.806 MB/s
Total number of particles: 40960M
Total number of ranks: 1280
Total emulated compute time: 0.000 s
Total write size: 1.250 TB
Raw write time: 99.080 s
Metadata time: 0.000 s
H5Fcreate() time: 0.547 s
H5Fflush() time: 1.917 s
H5Fclose() time: 0.000 s
Observed completion time: 101.547 s
SYNC Raw write rate: 12.918 GB/s 
SYNC Observed write rate: 12.604 GB/s
Total number of particles: 10240M
Total number of ranks: 1280
Total emulated compute time: 0.000 s
Total write size: 320.000 GB
Raw write time: 256.883 s
Metadata time: 0.000 s
H5Fcreate() time: 0.337 s
H5Fflush() time: 1.431 s
H5Fclose() time: 0.000 s
Observed completion time: 258.654 s
SYNC Raw write rate: 1.245 GB/s 
SYNC Observed write rate: 1.236 GB/s
Total number of particles: 640M
Total number of ranks: 1280
Total emulated compute time: 0.000 s
Total write size: 20.000 GB
Raw write time: 268.615 s
Metadata time: 0.000 s
H5Fcreate() time: 0.422 s
H5Fflush() time: 0.487 s
H5Fclose() time: 0.000 s
Observed completion time: 269.526 s
SYNC Raw write rate: 76.242 MB/s 
SYNC Observed write rate: 75.984 MB/s
Total number of particles: 5120M
Total number of ranks: 160
Total emulated compute time: 0.000 s
Total write size: 160.000 GB
Raw write time: 15.798 s
Metadata time: 0.000 s
H5Fcreate() time: 0.446 s
H5Fflush() time: 2.429 s
H5Fclose() time: 0.000 s
Observed completion time: 18.675 s
SYNC Raw write rate: 10.127 GB/s 
SYNC Observed write rate: 8.566 GB/s
Total number of particles: 1280M
Total number of ranks: 160
Total emulated compute time: 0.000 s
Total write size: 40.000 GB
Raw write time: 35.381 s
Metadata time: 0.000 s
H5Fcreate() time: 0.093 s
H5Fflush() time: 1.659 s
H5Fclose() time: 0.000 s
Observed completion time: 37.136 s
SYNC Raw write rate: 1.130 GB/s 
SYNC Observed write rate: 1.076 GB/s
Total number of particles: 80M
Total number of ranks: 160
Total emulated compute time: 0.000 s
Total write size: 2.500 GB
Raw write time: 29.210 s
Metadata time: 0.000 s
H5Fcreate() time: 0.080 s
H5Fflush() time: 0.779 s
H5Fclose() time: 0.000 s
Observed completion time: 30.070 s
SYNC Raw write rate: 87.641 MB/s 
SYNC Observed write rate: 85.135 MB/s
Total number of particles: 81920M
Total number of ranks: 2560
Total emulated compute time: 0.000 s
Total write size: 2.500 TB
Raw write time: 363.753 s
Metadata time: 0.000 s
H5Fcreate() time: 0.560 s
H5Fflush() time: 0.603 s
H5Fclose() time: 0.000 s
Observed completion time: 364.919 s
SYNC Raw write rate: 7.037 GB/s 
SYNC Observed write rate: 7.015 GB/s
Total number of particles: 20480M
Total number of ranks: 2560
Total emulated compute time: 0.000 s
Total write size: 640.000 GB
Raw write time: 510.795 s
Metadata time: 0.000 s
H5Fcreate() time: 0.286 s
H5Fflush() time: 1.282 s
H5Fclose() time: 0.000 s
Observed completion time: 512.372 s
SYNC Raw write rate: 1.253 GB/s 
SYNC Observed write rate: 1.249 GB/s
Total number of particles: 1280M
Total number of ranks: 2560
Total emulated compute time: 0.000 s
Total write size: 40.000 GB
Raw write time: 643.266 s
Metadata time: 0.000 s
H5Fcreate() time: 0.520 s
H5Fflush() time: 0.563 s
H5Fclose() time: 0.000 s
Observed completion time: 644.352 s
SYNC Raw write rate: 63.675 MB/s 
SYNC Observed write rate: 63.567 MB/s
Total number of particles: 10240M
Total number of ranks: 320
Total emulated compute time: 0.000 s
Total write size: 320.000 GB
Raw write time: 26.367 s
Metadata time: 0.000 s
H5Fcreate() time: 0.421 s
H5Fflush() time: 7.330 s
H5Fclose() time: 0.000 s
Observed completion time: 34.121 s
SYNC Raw write rate: 12.136 GB/s 
SYNC Observed write rate: 9.378 GB/s
Total number of particles: 2560M
Total number of ranks: 320
Total emulated compute time: 0.000 s
Total write size: 80.000 GB
Raw write time: 70.692 s
Metadata time: 0.000 s
H5Fcreate() time: 0.171 s
H5Fflush() time: 0.732 s
H5Fclose() time: 0.000 s
Observed completion time: 71.597 s
SYNC Raw write rate: 1.131 GB/s 
SYNC Observed write rate: 1.117 GB/s
Total number of particles: 160M
Total number of ranks: 320
Total emulated compute time: 0.000 s
Total write size: 5.000 GB
Raw write time: 68.384 s
Metadata time: 0.000 s
H5Fcreate() time: 0.484 s
H5Fflush() time: 0.394 s
H5Fclose() time: 0.000 s
Observed completion time: 69.265 s
SYNC Raw write rate: 74.870 MB/s 
SYNC Observed write rate: 73.919 MB/s
