Total number of particles: 1280M
Total number of ranks: 40
Total emulated compute time: 0.000 s
Total write size: 40.000 GB
Raw write time: 0.547 s
Metadata time: 0.002 s
H5Fcreate() time: 2.765 s
H5Fflush() time: 5.899 s
H5Fclose() time: 2.254 s
Observed completion time: 11.786 s
SYNC Raw write rate: 73.092 GB/s 
SYNC Observed write rate: 3.394 GB/s
Total number of particles: 320M
Total number of ranks: 40
Total emulated compute time: 0.000 s
Total write size: 10.000 GB
Raw write time: 0.152 s
Metadata time: 0.001 s
H5Fcreate() time: 0.068 s
H5Fflush() time: 1.209 s
H5Fclose() time: 0.277 s
Observed completion time: 2.307 s
SYNC Raw write rate: 65.838 GB/s 
SYNC Observed write rate: 4.334 GB/s
Total number of particles: 20M
Total number of ranks: 40
Total emulated compute time: 0.000 s
Total write size: 640.000 MB
Raw write time: 0.010 s
Metadata time: 0.001 s
H5Fcreate() time: 0.013 s
H5Fflush() time: 0.085 s
H5Fclose() time: 0.135 s
Observed completion time: 0.344 s
SYNC Raw write rate: 63.749 GB/s 
SYNC Observed write rate: 1.818 GB/s
Total number of particles: 2560M
Total number of ranks: 80
Total emulated compute time: 0.000 s
Total write size: 80.000 GB
Raw write time: 0.587 s
Metadata time: 0.001 s
H5Fcreate() time: 3.256 s
H5Fflush() time: 3.748 s
H5Fclose() time: 1.983 s
Observed completion time: 10.519 s
SYNC Raw write rate: 136.291 GB/s 
SYNC Observed write rate: 7.604 GB/s
Total number of particles: 640M
Total number of ranks: 80
Total emulated compute time: 0.000 s
Total write size: 20.000 GB
Raw write time: 0.153 s
Metadata time: 0.001 s
H5Fcreate() time: 0.702 s
H5Fflush() time: 0.993 s
H5Fclose() time: 0.343 s
Observed completion time: 2.558 s
SYNC Raw write rate: 130.344 GB/s 
SYNC Observed write rate: 7.818 GB/s
Total number of particles: 40M
Total number of ranks: 80
Total emulated compute time: 0.000 s
Total write size: 1.250 GB
Raw write time: 0.007 s
Metadata time: 0.001 s
H5Fcreate() time: 0.010 s
H5Fflush() time: 0.088 s
H5Fclose() time: 0.132 s
Observed completion time: 0.779 s
SYNC Raw write rate: 185.569 GB/s 
SYNC Observed write rate: 1.604 GB/s
Total number of particles: 5120M
Total number of ranks: 160
Total emulated compute time: 0.000 s
Total write size: 160.000 GB
Raw write time: 0.541 s
Metadata time: 0.002 s
H5Fcreate() time: 2.309 s
H5Fflush() time: 3.900 s
H5Fclose() time: 1.789 s
Observed completion time: 10.165 s
SYNC Raw write rate: 295.922 GB/s 
SYNC Observed write rate: 15.740 GB/s
Total number of particles: 1280M
Total number of ranks: 160
Total emulated compute time: 0.000 s
Total write size: 40.000 GB
Raw write time: 0.153 s
Metadata time: 0.002 s
H5Fcreate() time: 0.527 s
H5Fflush() time: 3.178 s
H5Fclose() time: 0.192 s
Observed completion time: 4.795 s
SYNC Raw write rate: 260.772 GB/s 
SYNC Observed write rate: 8.341 GB/s
Total number of particles: 80M
Total number of ranks: 160
Total emulated compute time: 0.000 s
Total write size: 2.500 GB
Raw write time: 0.009 s
Metadata time: 0.002 s
H5Fcreate() time: 0.088 s
H5Fflush() time: 0.090 s
H5Fclose() time: 0.110 s
Observed completion time: 0.569 s
SYNC Raw write rate: 274.453 GB/s 
SYNC Observed write rate: 4.396 GB/s
