Total number of particles: 20480M
Total number of ranks: 640
Total emulated compute time: 0.000 s
Total write size: 640.000 GB
Raw write time: 6.286 s
Metadata time: 0.001 s
H5Fcreate() time: 0.597 s
H5Fflush() time: 0.454 s
H5Fclose() time: 0.044 s
Observed completion time: 7.387 s
SYNC Raw write rate: 101.817 GB/s 
SYNC Observed write rate: 86.635 GB/s
Total number of particles: 5120M
Total number of ranks: 640
Total emulated compute time: 0.000 s
Total write size: 160.000 GB
Raw write time: 75.507 s
Metadata time: 0.001 s
H5Fcreate() time: 0.300 s
H5Fflush() time: 0.176 s
H5Fclose() time: 0.035 s
Observed completion time: 76.130 s
SYNC Raw write rate: 2.118 GB/s 
SYNC Observed write rate: 2.102 GB/s
Total number of particles: 320M
Total number of ranks: 640
Total emulated compute time: 0.000 s
Total write size: 10.000 GB
Raw write time: 90.889 s
Metadata time: 0.001 s
H5Fcreate() time: 0.278 s
H5Fflush() time: 0.071 s
H5Fclose() time: 0.038 s
Observed completion time: 91.402 s
SYNC Raw write rate: 112.664 MB/s 
SYNC Observed write rate: 112.032 MB/s
Total number of particles: 1280M
Total number of ranks: 40
Total emulated compute time: 0.000 s
Total write size: 40.000 GB
Raw write time: 1.836 s
Metadata time: 0.001 s
H5Fcreate() time: 0.490 s
H5Fflush() time: 0.269 s
H5Fclose() time: 0.005 s
Observed completion time: 2.606 s
SYNC Raw write rate: 21.789 GB/s 
SYNC Observed write rate: 15.347 GB/s
Total number of particles: 320M
Total number of ranks: 40
Total emulated compute time: 0.000 s
Total write size: 10.000 GB
Raw write time: 4.680 s
Metadata time: 0.001 s
H5Fcreate() time: 0.134 s
H5Fflush() time: 0.065 s
H5Fclose() time: 0.005 s
Observed completion time: 4.889 s
SYNC Raw write rate: 2.136 GB/s 
SYNC Observed write rate: 2.045 GB/s
Total number of particles: 20M
Total number of ranks: 40
Total emulated compute time: 0.000 s
Total write size: 640.000 MB
Raw write time: 0.489 s
Metadata time: 0.001 s
H5Fcreate() time: 0.043 s
H5Fflush() time: 0.357 s
H5Fclose() time: 0.006 s
Observed completion time: 0.898 s
SYNC Raw write rate: 1.278 GB/s 
SYNC Observed write rate: 712.710 MB/s
Total number of particles: 40960M
Total number of ranks: 1280
Total emulated compute time: 0.000 s
Total write size: 1.250 TB
Raw write time: 14.395 s
Metadata time: 0.001 s
H5Fcreate() time: 1.203 s
H5Fflush() time: 2.626 s
H5Fclose() time: 0.038 s
Observed completion time: 18.297 s
SYNC Raw write rate: 88.918 GB/s 
SYNC Observed write rate: 69.958 GB/s
Total number of particles: 5120M
Total number of ranks: 160
Total emulated compute time: 0.000 s
Total write size: 160.000 GB
Raw write time: 3.059 s
Metadata time: 0.001 s
H5Fcreate() time: 0.545 s
H5Fflush() time: 0.214 s
H5Fclose() time: 0.008 s
Observed completion time: 3.832 s
SYNC Raw write rate: 52.309 GB/s 
SYNC Observed write rate: 41.758 GB/s
Total number of particles: 1280M
Total number of ranks: 160
Total emulated compute time: 0.000 s
Total write size: 40.000 GB
Raw write time: 19.657 s
Metadata time: 0.001 s
H5Fcreate() time: 0.113 s
H5Fflush() time: 3.161 s
H5Fclose() time: 0.009 s
Observed completion time: 22.947 s
SYNC Raw write rate: 2.034 GB/s 
SYNC Observed write rate: 1.743 GB/s
Total number of particles: 80M
Total number of ranks: 160
Total emulated compute time: 0.000 s
Total write size: 2.500 GB
Raw write time: 24.334 s
Metadata time: 0.001 s
H5Fcreate() time: 0.352 s
H5Fflush() time: 0.056 s
H5Fclose() time: 0.009 s
Observed completion time: 24.755 s
SYNC Raw write rate: 105.202 MB/s 
SYNC Observed write rate: 103.415 MB/s
Total number of particles: 10240M
Total number of ranks: 320
Total emulated compute time: 0.000 s
Total write size: 320.000 GB
Raw write time: 7.701 s
Metadata time: 0.001 s
H5Fcreate() time: 0.914 s
H5Fflush() time: 0.328 s
H5Fclose() time: 0.017 s
Observed completion time: 8.964 s
SYNC Raw write rate: 41.554 GB/s 
SYNC Observed write rate: 35.698 GB/s
Total number of particles: 2560M
Total number of ranks: 320
Total emulated compute time: 0.000 s
Total write size: 80.000 GB
Raw write time: 37.519 s
Metadata time: 0.001 s
H5Fcreate() time: 0.353 s
H5Fflush() time: 1.685 s
H5Fclose() time: 0.018 s
Observed completion time: 39.682 s
SYNC Raw write rate: 2.132 GB/s 
SYNC Observed write rate: 2.016 GB/s
Total number of particles: 160M
Total number of ranks: 320
Total emulated compute time: 0.000 s
Total write size: 5.000 GB
Raw write time: 51.923 s
Metadata time: 0.001 s
H5Fcreate() time: 0.532 s
H5Fflush() time: 0.071 s
H5Fclose() time: 0.014 s
Observed completion time: 52.628 s
SYNC Raw write rate: 98.606 MB/s 
SYNC Observed write rate: 97.285 MB/s
