Total number of particles: 10240M
Total number of ranks: 320
Total emulated compute time: 0.000 s
Total write size: 320.000 GB
Raw write time: 0.560 s
Metadata time: 0.004 s
H5Fcreate() time: 3.005 s
H5Fflush() time: 6.271 s
H5Fclose() time: 1.525 s
Observed completion time: 13.946 s
SYNC Raw write rate: 570.934 GB/s 
SYNC Observed write rate: 22.945 GB/s
Total number of particles: 2560M
Total number of ranks: 320
Total emulated compute time: 0.000 s
Total write size: 80.000 GB
Raw write time: 0.152 s
Metadata time: 0.003 s
H5Fcreate() time: 0.242 s
H5Fflush() time: 1.439 s
H5Fclose() time: 0.475 s
Observed completion time: 3.428 s
SYNC Raw write rate: 527.272 GB/s 
SYNC Observed write rate: 23.339 GB/s
Total number of particles: 160M
Total number of ranks: 320
Total emulated compute time: 0.000 s
Total write size: 5.000 GB
Raw write time: 0.010 s
Metadata time: 0.002 s
H5Fcreate() time: 0.009 s
H5Fflush() time: 0.068 s
H5Fclose() time: 0.247 s
Observed completion time: 0.698 s
SYNC Raw write rate: 526.038 GB/s 
SYNC Observed write rate: 7.162 GB/s
