Total number of particles: 20480M
Total number of ranks: 640
Total emulated compute time: 0.000 s
Total write size: 640.000 GB
Raw write time: 0.582 s
Metadata time: 0.005 s
H5Fcreate() time: 3.898 s
H5Fflush() time: 8.656 s
H5Fclose() time: 5.014 s
Observed completion time: 20.552 s
SYNC Raw write rate: 1.073 TB/s 
SYNC Observed write rate: 31.141 GB/s
Total number of particles: 5120M
Total number of ranks: 640
Total emulated compute time: 0.000 s
Total write size: 160.000 GB
Raw write time: 0.170 s
Metadata time: 0.005 s
H5Fcreate() time: 0.793 s
H5Fflush() time: 2.072 s
H5Fclose() time: 0.164 s
Observed completion time: 4.762 s
SYNC Raw write rate: 940.098 GB/s 
SYNC Observed write rate: 33.600 GB/s
Total number of particles: 320M
Total number of ranks: 640
Total emulated compute time: 0.000 s
Total write size: 10.000 GB
Raw write time: 0.010 s
Metadata time: 0.005 s
H5Fcreate() time: 0.213 s
H5Fflush() time: 0.189 s
H5Fclose() time: 0.166 s
Observed completion time: 1.308 s
SYNC Raw write rate: 1.002 TB/s 
SYNC Observed write rate: 7.645 GB/s
