Total number of particles: 40960M
Total number of ranks: 1280
Total emulated compute time: 0.000 s
Total write size: 1.250 TB
Raw write time: 5.601 s
Metadata time: 0.089 s
H5Fcreate() time: 0.155 s
H5Fflush() time: 1.264 s
H5Fclose() time: 0.005 s
Observed completion time: 7.529 s
SYNC Raw write rate: 228.546 GB/s 
SYNC Observed write rate: 170.004 GB/s
Total number of particles: 10240M
Total number of ranks: 1280
Total emulated compute time: 0.000 s
Total write size: 320.000 GB
Raw write time: 0.440 s
Metadata time: 0.091 s
H5Fcreate() time: 0.718 s
H5Fflush() time: 1.596 s
H5Fclose() time: 0.006 s
Observed completion time: 3.496 s
SYNC Raw write rate: 727.760 GB/s 
SYNC Observed write rate: 91.524 GB/s
Total number of particles: 640M
Total number of ranks: 1280
Total emulated compute time: 0.000 s
Total write size: 20.000 GB
Raw write time: 0.010 s
Metadata time: 0.011 s
H5Fcreate() time: 0.142 s
H5Fflush() time: 0.116 s
H5Fclose() time: 0.556 s
Observed completion time: 1.407 s
SYNC Raw write rate: 1.864 TB/s 
SYNC Observed write rate: 14.211 GB/s
