Total number of particles: 81920M
Total number of ranks: 2560
Total emulated compute time: 0.000 s
Total write size: 2.500 TB
Raw write time: 0.549 s
Metadata time: 0.028 s
H5Fcreate() time: 14.406 s
H5Fflush() time: 29.242 s
H5Fclose() time: 2.514 s
Observed completion time: 62.898 s
SYNC Raw write rate: 4.555 TB/s 
SYNC Observed write rate: 40.700 GB/s
Total number of particles: 20480M
Total number of ranks: 2560
Total emulated compute time: 0.000 s
Total write size: 640.000 GB
Raw write time: 0.182 s
Metadata time: 0.028 s
H5Fcreate() time: 0.618 s
H5Fflush() time: 6.378 s
H5Fclose() time: 0.324 s
Observed completion time: 13.851 s
SYNC Raw write rate: 3.427 TB/s 
SYNC Observed write rate: 46.206 GB/s
Total number of particles: 1280M
Total number of ranks: 2560
Total emulated compute time: 0.000 s
Total write size: 40.000 GB
Raw write time: 0.005 s
Metadata time: 0.041 s
H5Fcreate() time: 0.951 s
H5Fflush() time: 0.312 s
H5Fclose() time: 0.247 s
Observed completion time: 2.629 s
SYNC Raw write rate: 7.138 TB/s 
SYNC Observed write rate: 15.214 GB/s
