/etc/bash_completion.d/yum-utils.bash: line 2: /yum: No such file or directory

The following have been reloaded with a version change:
  1) cmake/3.23.1 => cmake/3.20.2

BBATH is set to '/mnt/bb_6f8884646ed6e5a14dfd4e230166e90f'
enabled_darshan
DARSHAN_LOG_DIR_PATH=/usr/workspace/iopp/software/h5intent/logs/darshan/sync_libdarshan_none_32_40/sync-write-1d-strided-medium-col
/usr/WS2/iopp/software/h5intent/logs/h5bench_confs/lassen/sync_libdarshan_none_32_40/sync-write-1d-strided-medium-col.json
/usr/workspace/iopp/software/h5intent/build-profile/h5bench --debug /usr/WS2/iopp/software/h5intent/logs/h5bench_confs/lassen/sync_libdarshan_none_32_40/sync-write-1d-strided-medium-col.json
/usr/workspace/iopp/software/h5intent/build-profile/h5bench:10: DeprecationWarning: The distutils package is deprecated and slated for removal in Python 3.12. Use setuptools or check PEP 632 for potential alternatives
  import distutils.spawn
2023-06-29 16:27:23,368 h5bench - INFO - Starting h5bench Suite
2023-06-29 16:27:23,417 h5bench - INFO - Lustre support not detected
2023-06-29 16:27:23,418 h5bench - DEBUG - LD_LIBRARY_PATH: /usr/workspace/iopp/software/h5intent/dependency-profile/.spack-env/lib:/usr/tce/packages/python/python-3.7.2/lib:/opt/ibm/spectrumcomputing/lsf/10.1.0.10/linux3.10-glibc2.17-ppc64le-csm/lib:/usr/tce/packages/cuda/cuda-10.1.243/lib64
2023-06-29 16:27:23,419 h5bench - DEBUG - DYLD_LIBRARY_PATH: 
2023-06-29 16:27:23,421 h5bench - DEBUG - LD_PRELOAD: 
2023-06-29 16:27:23,422 h5bench - INFO - JOBID: 4976249
2023-06-29 16:27:23,422 h5bench - INFO - h5bench [write] - Starting
2023-06-29 16:27:23,423 h5bench - INFO - h5bench [write] - DIR: /p/gpfs1/haridev/temp/h5bench/sync-write-1d-strided-medium-col_32_40/ff501755-4976249/
2023-06-29 16:27:23,424 h5bench - INFO - Parallel setup: jsrun -r 1 -c 40 -a 40 --env LD_PRELOAD=/usr/workspace/iopp/software/h5intent/dependency-profile/.spack-env/view/lib/libdarshan.so
2023-06-29 16:27:23,426 h5bench - INFO - jsrun -r 1 -c 40 -a 40 --env LD_PRELOAD=/usr/workspace/iopp/software/h5intent/dependency-profile/.spack-env/view/lib/libdarshan.so h5bench_write /p/gpfs1/haridev/temp/h5bench/sync-write-1d-strided-medium-col_32_40/ff501755-4976249/h5bench.cfg /p/gpfs1/haridev/temp/h5bench/sync-write-1d-strided-medium-col_32_40/test.h5
2023-06-29 16:32:09,332 h5bench - INFO - SUCCESS (all output files are located at /p/gpfs1/haridev/temp/h5bench/sync-write-1d-strided-medium-col_32_40/ff501755-4976249)
2023-06-29 16:32:09,337 h5bench - INFO - Runtime: 285.9110146 seconds (elapsed time, includes allocation wait time)
2023-06-29 16:32:09,338 h5bench - INFO - h5bench [write] - Complete
2023-06-29 16:32:09,340 h5bench - INFO - Finishing h5bench Suite
logout

------------------------------------------------------------
Sender: LSF System <lsfadmin@lassen710>
Subject: Job 4976249: <sync-write-1d-strided-medium-col> in cluster <lassen> Done

Job <sync-write-1d-strided-medium-col> was submitted from host <lassen708> by user <haridev> in cluster <lassen> at Thu Jun 29 16:20:40 2023
Job was executed on host(s) <1*lassen710>, in queue <pbatch>, as user <haridev> in cluster <lassen> at Thu Jun 29 16:26:37 2023
                            <40*lassen417>
                            <40*lassen269>
                            <40*lassen91>
                            <40*lassen92>
                            <40*lassen422>
                            <40*lassen424>
                            <40*lassen438>
                            <40*lassen778>
                            <40*lassen462>
                            <40*lassen795>
                            <40*lassen799>
                            <40*lassen625>
                            <40*lassen141>
                            <40*lassen626>
                            <40*lassen142>
                            <40*lassen627>
                            <40*lassen809>
                            <40*lassen329>
                            <40*lassen330>
                            <40*lassen335>
                            <40*lassen340>
                            <40*lassen671>
                            <40*lassen343>
                            <40*lassen403>
                            <40*lassen524>
                            <40*lassen526>
                            <40*lassen374>
                            <40*lassen375>
                            <40*lassen578>
                            <40*lassen575>
                            <40*lassen387>
                            <40*lassen244>
</g/g92/haridev> was used as the home directory.
</usr/workspace/iopp/software/h5intent/scripts/h5bench> was used as the working directory.
Started at Thu Jun 29 16:26:37 2023
Terminated at Thu Jun 29 16:32:18 2023
Results reported at Thu Jun 29 16:32:18 2023

Your job looked like:

------------------------------------------------------------
# LSBATCH: User input
/usr/WS2/iopp/software/h5intent/scripts/h5bench/main.sh /usr/WS2/iopp/software/h5intent/logs/h5bench_confs/lassen/sync_libdarshan_none_32_40/sync-write-1d-strided-medium-col.json sync_libdarshan_none_32_40 1
------------------------------------------------------------

Successfully completed.

Resource usage summary:

    CPU time :                                   2.00 sec.
    Max Memory :                                 61 MB
    Average Memory :                             59.68 MB
    Total Requested Memory :                     -
    Delta Memory :                               -
    Max Swap :                                   1427 MB
    Max Processes :                              4
    Max Threads :                                27
    Run time :                                   341 sec.
    Turnaround time :                            698 sec.

The output (if any) is above this job summary.

