/etc/bash_completion.d/yum-utils.bash: line 2: /yum: No such file or directory

The following have been reloaded with a version change:
  1) cmake/3.23.1 => cmake/3.20.2

BBATH is set to '/mnt/bb_7f48064a1c364d1ee0f421768c148cba'
enabled_darshan
DARSHAN_LOG_DIR_PATH=/usr/workspace/iopp/software/h5intent/logs/darshan/sync_libdarshan_none_32_40/sync-write-1d-strided-medium
/usr/WS2/iopp/software/h5intent/logs/h5bench_confs/lassen/sync_libdarshan_none_32_40/sync-write-1d-strided-medium.json
/usr/workspace/iopp/software/h5intent/build-profile/h5bench --debug /usr/WS2/iopp/software/h5intent/logs/h5bench_confs/lassen/sync_libdarshan_none_32_40/sync-write-1d-strided-medium.json
/usr/workspace/iopp/software/h5intent/build-profile/h5bench:10: DeprecationWarning: The distutils package is deprecated and slated for removal in Python 3.12. Use setuptools or check PEP 632 for potential alternatives
  import distutils.spawn
2023-06-29 16:28:58,203 h5bench - INFO - Starting h5bench Suite
2023-06-29 16:28:58,251 h5bench - INFO - Lustre support not detected
2023-06-29 16:28:58,252 h5bench - DEBUG - LD_LIBRARY_PATH: /usr/workspace/iopp/software/h5intent/dependency-profile/.spack-env/lib:/usr/tce/packages/python/python-3.7.2/lib:/opt/ibm/spectrumcomputing/lsf/10.1.0.10/linux3.10-glibc2.17-ppc64le-csm/lib:/usr/tce/packages/cuda/cuda-10.1.243/lib64
2023-06-29 16:28:58,257 h5bench - DEBUG - DYLD_LIBRARY_PATH: 
2023-06-29 16:28:58,261 h5bench - DEBUG - LD_PRELOAD: 
2023-06-29 16:28:58,262 h5bench - INFO - JOBID: 4976250
2023-06-29 16:28:58,263 h5bench - INFO - h5bench [write] - Starting
2023-06-29 16:28:58,267 h5bench - INFO - h5bench [write] - DIR: /p/gpfs1/haridev/temp/h5bench/sync-write-1d-strided-medium_32_40/09e578c6-4976250/
2023-06-29 16:28:58,271 h5bench - INFO - Parallel setup: jsrun -r 1 -c 40 -a 40 --env LD_PRELOAD=/usr/workspace/iopp/software/h5intent/dependency-profile/.spack-env/view/lib/libdarshan.so
2023-06-29 16:28:58,272 h5bench - INFO - jsrun -r 1 -c 40 -a 40 --env LD_PRELOAD=/usr/workspace/iopp/software/h5intent/dependency-profile/.spack-env/view/lib/libdarshan.so h5bench_write /p/gpfs1/haridev/temp/h5bench/sync-write-1d-strided-medium_32_40/09e578c6-4976250/h5bench.cfg /p/gpfs1/haridev/temp/h5bench/sync-write-1d-strided-medium_32_40/test.h5
2023-06-29 16:29:18,200 h5bench - INFO - SUCCESS (all output files are located at /p/gpfs1/haridev/temp/h5bench/sync-write-1d-strided-medium_32_40/09e578c6-4976250)
2023-06-29 16:29:18,200 h5bench - INFO - Runtime: 19.9289467 seconds (elapsed time, includes allocation wait time)
2023-06-29 16:29:18,205 h5bench - INFO - h5bench [write] - Complete
2023-06-29 16:29:18,210 h5bench - INFO - Finishing h5bench Suite
logout

------------------------------------------------------------
Sender: LSF System <lsfadmin@lassen710>
Subject: Job 4976250: <sync-write-1d-strided-medium> in cluster <lassen> Done

Job <sync-write-1d-strided-medium> was submitted from host <lassen708> by user <haridev> in cluster <lassen> at Thu Jun 29 16:20:40 2023
Job was executed on host(s) <1*lassen710>, in queue <pbatch>, as user <haridev> in cluster <lassen> at Thu Jun 29 16:28:01 2023
                            <40*lassen745>
                            <40*lassen416>
                            <40*lassen590>
                            <40*lassen748>
                            <40*lassen266>
                            <40*lassen267>
                            <40*lassen596>
                            <40*lassen268>
                            <40*lassen599>
                            <40*lassen421>
                            <40*lassen423>
                            <40*lassen752>
                            <40*lassen758>
                            <40*lassen759>
                            <40*lassen102>
                            <40*lassen760>
                            <40*lassen105>
                            <40*lassen622>
                            <40*lassen498>
                            <40*lassen673>
                            <40*lassen344>
                            <40*lassen345>
                            <40*lassen346>
                            <40*lassen676>
                            <40*lassen501>
                            <40*lassen503>
                            <40*lassen402>
                            <40*lassen364>
                            <40*lassen388>
                            <40*lassen573>
                            <40*lassen243>
                            <40*lassen572>
</g/g92/haridev> was used as the home directory.
</usr/workspace/iopp/software/h5intent/scripts/h5bench> was used as the working directory.
Started at Thu Jun 29 16:28:01 2023
Terminated at Thu Jun 29 16:29:39 2023
Results reported at Thu Jun 29 16:29:39 2023

Your job looked like:

------------------------------------------------------------
# LSBATCH: User input
/usr/WS2/iopp/software/h5intent/scripts/h5bench/main.sh /usr/WS2/iopp/software/h5intent/logs/h5bench_confs/lassen/sync_libdarshan_none_32_40/sync-write-1d-strided-medium.json sync_libdarshan_none_32_40 1
------------------------------------------------------------

Successfully completed.

Resource usage summary:

    CPU time :                                   2.00 sec.
    Max Memory :                                 61 MB
    Average Memory :                             56.00 MB
    Total Requested Memory :                     -
    Delta Memory :                               -
    Max Swap :                                   1427 MB
    Max Processes :                              4
    Max Threads :                                27
    Run time :                                   99 sec.
    Turnaround time :                            539 sec.

The output (if any) is above this job summary.

