/etc/bash_completion.d/yum-utils.bash: line 2: /yum: No such file or directory

The following have been reloaded with a version change:
  1) cmake/3.23.1 => cmake/3.20.2

BBATH is set to '/mnt/bb_eb945f2ebd1e9e12a6a627f56b421a6e'
enabled_darshan
DARSHAN_LOG_DIR_PATH=/usr/workspace/iopp/software/h5intent/logs/darshan/sync_libdarshan_none_64_40/sync-write-1d-strided-large
/usr/WS2/iopp/software/h5intent/logs/h5bench_confs/lassen/sync_libdarshan_none_64_40/sync-write-1d-strided-large.json
/usr/workspace/iopp/software/h5intent/build-profile/h5bench --debug /usr/WS2/iopp/software/h5intent/logs/h5bench_confs/lassen/sync_libdarshan_none_64_40/sync-write-1d-strided-large.json
/usr/workspace/iopp/software/h5intent/build-profile/h5bench:10: DeprecationWarning: The distutils package is deprecated and slated for removal in Python 3.12. Use setuptools or check PEP 632 for potential alternatives
  import distutils.spawn
2023-06-29 16:43:25,177 h5bench - INFO - Starting h5bench Suite
2023-06-29 16:43:25,260 h5bench - INFO - Lustre support not detected
2023-06-29 16:43:25,260 h5bench - DEBUG - LD_LIBRARY_PATH: /usr/workspace/iopp/software/h5intent/dependency-profile/.spack-env/lib:/usr/tce/packages/python/python-3.7.2/lib:/opt/ibm/spectrumcomputing/lsf/10.1.0.10/linux3.10-glibc2.17-ppc64le-csm/lib:/usr/tce/packages/cuda/cuda-10.1.243/lib64
2023-06-29 16:43:25,261 h5bench - DEBUG - DYLD_LIBRARY_PATH: 
2023-06-29 16:43:25,262 h5bench - DEBUG - LD_PRELOAD: 
2023-06-29 16:43:25,263 h5bench - INFO - JOBID: 4976254
2023-06-29 16:43:25,267 h5bench - INFO - h5bench [write] - Starting
2023-06-29 16:43:25,269 h5bench - INFO - h5bench [write] - DIR: /p/gpfs1/haridev/temp/h5bench/sync-write-1d-strided-large_64_40/341c0833-4976254/
2023-06-29 16:43:25,272 h5bench - INFO - Parallel setup: jsrun -r 1 -c 40 -a 40 --env LD_PRELOAD=/usr/workspace/iopp/software/h5intent/dependency-profile/.spack-env/view/lib/libdarshan.so
2023-06-29 16:43:25,274 h5bench - INFO - jsrun -r 1 -c 40 -a 40 --env LD_PRELOAD=/usr/workspace/iopp/software/h5intent/dependency-profile/.spack-env/view/lib/libdarshan.so h5bench_write /p/gpfs1/haridev/temp/h5bench/sync-write-1d-strided-large_64_40/341c0833-4976254/h5bench.cfg /p/gpfs1/haridev/temp/h5bench/sync-write-1d-strided-large_64_40/test.h5
2023-06-29 16:44:11,036 h5bench - INFO - SUCCESS (all output files are located at /p/gpfs1/haridev/temp/h5bench/sync-write-1d-strided-large_64_40/341c0833-4976254)
2023-06-29 16:44:11,040 h5bench - INFO - Runtime: 45.7669322 seconds (elapsed time, includes allocation wait time)
2023-06-29 16:44:11,041 h5bench - INFO - h5bench [write] - Complete
2023-06-29 16:44:11,042 h5bench - INFO - Finishing h5bench Suite
logout

------------------------------------------------------------
Sender: LSF System <lsfadmin@lassen710>
Subject: Job 4976254: <sync-write-1d-strided-large> in cluster <lassen> Done

Job <sync-write-1d-strided-large> was submitted from host <lassen708> by user <haridev> in cluster <lassen> at Thu Jun 29 16:20:49 2023
Job was executed on host(s) <1*lassen710>, in queue <pbatch>, as user <haridev> in cluster <lassen> at Thu Jun 29 16:42:28 2023
                            <40*lassen406>
                            <40*lassen736>
                            <40*lassen252>
                            <40*lassen253>
                            <40*lassen257>
                            <40*lassen745>
                            <40*lassen416>
                            <40*lassen746>
                            <40*lassen590>
                            <40*lassen417>
                            <40*lassen747>
                            <40*lassen418>
                            <40*lassen262>
                            <40*lassen748>
                            <40*lassen592>
                            <40*lassen593>
                            <40*lassen265>
                            <40*lassen266>
                            <40*lassen267>
                            <40*lassen596>
                            <40*lassen268>
                            <40*lassen269>
                            <40*lassen599>
                            <40*lassen90>
                            <40*lassen91>
                            <40*lassen92>
                            <40*lassen421>
                            <40*lassen750>
                            <40*lassen422>
                            <40*lassen751>
                            <40*lassen423>
                            <40*lassen752>
                            <40*lassen424>
                            <40*lassen758>
                            <40*lassen759>
                            <40*lassen277>
                            <40*lassen102>
                            <40*lassen760>
                            <40*lassen105>
                            <40*lassen438>
                            <40*lassen111>
                            <40*lassen440>
                            <40*lassen778>
                            <40*lassen127>
                            <40*lassen462>
                            <40*lassen134>
                            <40*lassen795>
                            <40*lassen799>
                            <40*lassen622>
                            <40*lassen625>
                            <40*lassen141>
                            <40*lassen626>
                            <40*lassen142>
                            <40*lassen471>
                            <40*lassen627>
                            <40*lassen628>
                            <40*lassen476>
                            <40*lassen148>
                            <40*lassen630>
                            <40*lassen303>
                            <40*lassen150>
                            <40*lassen639>
                            <40*lassen156>
                            <40*lassen485>
</g/g92/haridev> was used as the home directory.
</usr/workspace/iopp/software/h5intent/scripts/h5bench> was used as the working directory.
Started at Thu Jun 29 16:42:28 2023
Terminated at Thu Jun 29 16:44:42 2023
Results reported at Thu Jun 29 16:44:42 2023

Your job looked like:

------------------------------------------------------------
# LSBATCH: User input
/usr/WS2/iopp/software/h5intent/scripts/h5bench/main.sh /usr/WS2/iopp/software/h5intent/logs/h5bench_confs/lassen/sync_libdarshan_none_64_40/sync-write-1d-strided-large.json sync_libdarshan_none_64_40 1
------------------------------------------------------------

Successfully completed.

Resource usage summary:

    CPU time :                                   0.30 sec.
    Max Memory :                                 64 MB
    Average Memory :                             59.93 MB
    Total Requested Memory :                     -
    Delta Memory :                               -
    Max Swap :                                   1428 MB
    Max Processes :                              4
    Max Threads :                                27
    Run time :                                   134 sec.
    Turnaround time :                            1433 sec.

The output (if any) is above this job summary.

