/etc/bash_completion.d/yum-utils.bash: line 2: /yum: No such file or directory

The following have been reloaded with a version change:
  1) cmake/3.23.1 => cmake/3.20.2

BBATH is set to '/mnt/bb_a761923862cf967c0eb70bd0662481d6'
enabled_darshan
DARSHAN_LOG_DIR_PATH=/usr/workspace/iopp/software/h5intent/logs/darshan/sync_libdarshan_none_64_40/sync-write-1d-strided-large-col
/usr/WS2/iopp/software/h5intent/logs/h5bench_confs/lassen/sync_libdarshan_none_64_40/sync-write-1d-strided-large-col.json
/usr/workspace/iopp/software/h5intent/build-profile/h5bench --debug /usr/WS2/iopp/software/h5intent/logs/h5bench_confs/lassen/sync_libdarshan_none_64_40/sync-write-1d-strided-large-col.json
/usr/workspace/iopp/software/h5intent/build-profile/h5bench:10: DeprecationWarning: The distutils package is deprecated and slated for removal in Python 3.12. Use setuptools or check PEP 632 for potential alternatives
  import distutils.spawn
2023-06-29 16:34:53,857 h5bench - INFO - Starting h5bench Suite
2023-06-29 16:34:53,920 h5bench - INFO - Lustre support not detected
2023-06-29 16:34:53,921 h5bench - DEBUG - LD_LIBRARY_PATH: /usr/workspace/iopp/software/h5intent/dependency-profile/.spack-env/lib:/usr/tce/packages/python/python-3.7.2/lib:/opt/ibm/spectrumcomputing/lsf/10.1.0.10/linux3.10-glibc2.17-ppc64le-csm/lib:/usr/tce/packages/cuda/cuda-10.1.243/lib64
2023-06-29 16:34:53,925 h5bench - DEBUG - DYLD_LIBRARY_PATH: 
2023-06-29 16:34:53,926 h5bench - DEBUG - LD_PRELOAD: 
2023-06-29 16:34:53,927 h5bench - INFO - JOBID: 4976253
2023-06-29 16:34:53,927 h5bench - INFO - h5bench [write] - Starting
2023-06-29 16:34:53,929 h5bench - INFO - h5bench [write] - DIR: /p/gpfs1/haridev/temp/h5bench/sync-write-1d-strided-large-col_64_40/0d3fb8b8-4976253/
2023-06-29 16:34:53,930 h5bench - INFO - Parallel setup: jsrun -r 1 -c 40 -a 40 --env LD_PRELOAD=/usr/workspace/iopp/software/h5intent/dependency-profile/.spack-env/view/lib/libdarshan.so
2023-06-29 16:34:53,932 h5bench - INFO - jsrun -r 1 -c 40 -a 40 --env LD_PRELOAD=/usr/workspace/iopp/software/h5intent/dependency-profile/.spack-env/view/lib/libdarshan.so h5bench_write /p/gpfs1/haridev/temp/h5bench/sync-write-1d-strided-large-col_64_40/0d3fb8b8-4976253/h5bench.cfg /p/gpfs1/haridev/temp/h5bench/sync-write-1d-strided-large-col_64_40/test.h5
2023-06-29 16:40:43,578 h5bench - INFO - SUCCESS (all output files are located at /p/gpfs1/haridev/temp/h5bench/sync-write-1d-strided-large-col_64_40/0d3fb8b8-4976253)
2023-06-29 16:40:43,584 h5bench - INFO - Runtime: 349.6531553 seconds (elapsed time, includes allocation wait time)
2023-06-29 16:40:43,589 h5bench - INFO - h5bench [write] - Complete
2023-06-29 16:40:43,589 h5bench - INFO - Finishing h5bench Suite
logout

------------------------------------------------------------
Sender: LSF System <lsfadmin@lassen710>
Subject: Job 4976253: <sync-write-1d-strided-large-col> in cluster <lassen> Done

Job <sync-write-1d-strided-large-col> was submitted from host <lassen708> by user <haridev> in cluster <lassen> at Thu Jun 29 16:20:49 2023
Job was executed on host(s) <1*lassen710>, in queue <pbatch>, as user <haridev> in cluster <lassen> at Thu Jun 29 16:33:56 2023
                            <40*lassen745>
                            <40*lassen416>
                            <40*lassen590>
                            <40*lassen417>
                            <40*lassen262>
                            <40*lassen748>
                            <40*lassen266>
                            <40*lassen267>
                            <40*lassen596>
                            <40*lassen268>
                            <40*lassen269>
                            <40*lassen599>
                            <40*lassen91>
                            <40*lassen92>
                            <40*lassen421>
                            <40*lassen422>
                            <40*lassen423>
                            <40*lassen752>
                            <40*lassen424>
                            <40*lassen758>
                            <40*lassen759>
                            <40*lassen102>
                            <40*lassen760>
                            <40*lassen105>
                            <40*lassen438>
                            <40*lassen778>
                            <40*lassen462>
                            <40*lassen134>
                            <40*lassen795>
                            <40*lassen799>
                            <40*lassen622>
                            <40*lassen625>
                            <40*lassen141>
                            <40*lassen626>
                            <40*lassen142>
                            <40*lassen627>
                            <40*lassen148>
                            <40*lassen498>
                            <40*lassen809>
                            <40*lassen329>
                            <40*lassen330>
                            <40*lassen335>
                            <40*lassen340>
                            <40*lassen671>
                            <40*lassen343>
                            <40*lassen673>
                            <40*lassen344>
                            <40*lassen345>
                            <40*lassen346>
                            <40*lassen676>
                            <40*lassen501>
                            <40*lassen503>
                            <40*lassen403>
                            <40*lassen402>
                            <40*lassen364>
                            <40*lassen524>
                            <40*lassen525>
                            <40*lassen526>
                            <40*lassen374>
                            <40*lassen375>
                            <40*lassen578>
                            <40*lassen575>
                            <40*lassen387>
                            <40*lassen388>
</g/g92/haridev> was used as the home directory.
</usr/workspace/iopp/software/h5intent/scripts/h5bench> was used as the working directory.
Started at Thu Jun 29 16:33:56 2023
Terminated at Thu Jun 29 16:41:18 2023
Results reported at Thu Jun 29 16:41:18 2023

Your job looked like:

------------------------------------------------------------
# LSBATCH: User input
/usr/WS2/iopp/software/h5intent/scripts/h5bench/main.sh /usr/WS2/iopp/software/h5intent/logs/h5bench_confs/lassen/sync_libdarshan_none_64_40/sync-write-1d-strided-large-col.json sync_libdarshan_none_64_40 1
------------------------------------------------------------

Successfully completed.

Resource usage summary:

    CPU time :                                   4.00 sec.
    Max Memory :                                 64 MB
    Average Memory :                             62.83 MB
    Total Requested Memory :                     -
    Delta Memory :                               -
    Max Swap :                                   1428 MB
    Max Processes :                              4
    Max Threads :                                27
    Run time :                                   441 sec.
    Turnaround time :                            1229 sec.

The output (if any) is above this job summary.

